[debug] [2020-10-27T09:44:59.607Z] ----------------------------------------------------------------------
[debug] [2020-10-27T09:44:59.609Z] Command:       /usr/local/bin/node /usr/local/bin/firebase deploy
[debug] [2020-10-27T09:44:59.610Z] CLI Version:   8.12.1
[debug] [2020-10-27T09:44:59.610Z] Platform:      darwin
[debug] [2020-10-27T09:44:59.610Z] Node Version:  v10.16.0
[debug] [2020-10-27T09:44:59.615Z] Time:          Tue Oct 27 2020 15:14:59 GMT+0530 (India Standard Time)
[debug] [2020-10-27T09:44:59.615Z] ----------------------------------------------------------------------
[debug] [2020-10-27T09:44:59.615Z] 
[debug] [2020-10-27T09:44:59.631Z] > command requires scopes: ["email","openid","https://www.googleapis.com/auth/cloudplatformprojects.readonly","https://www.googleapis.com/auth/firebase","https://www.googleapis.com/auth/cloud-platform"]
[debug] [2020-10-27T09:44:59.631Z] > authorizing via signed-in user
[debug] [2020-10-27T09:44:59.632Z] [iam] checking project letz-dance for permissions ["firebase.projects.get","firebasehosting.sites.update"]
[debug] [2020-10-27T09:44:59.634Z] > refreshing access token with scopes: ["email","https://www.googleapis.com/auth/cloud-platform","https://www.googleapis.com/auth/cloudplatformprojects.readonly","https://www.googleapis.com/auth/firebase","openid"]
[debug] [2020-10-27T09:44:59.634Z] >>> HTTP REQUEST POST https://www.googleapis.com/oauth2/v3/token  
 <request body omitted>
[debug] [2020-10-27T09:45:00.225Z] <<< HTTP RESPONSE 200 {"cache-control":"no-cache, no-store, max-age=0, must-revalidate","date":"Tue, 27 Oct 2020 09:45:00 GMT","expires":"Mon, 01 Jan 1990 00:00:00 GMT","pragma":"no-cache","content-type":"application/json; charset=utf-8","vary":"X-Origin, Referer, Origin,Accept-Encoding","server":"scaffolding on HTTPServer2","x-xss-protection":"0","x-frame-options":"SAMEORIGIN","x-content-type-options":"nosniff","alt-svc":"h3-Q050=\":443\"; ma=2592000,h3-29=\":443\"; ma=2592000,h3-T051=\":443\"; ma=2592000,h3-T050=\":443\"; ma=2592000,h3-Q046=\":443\"; ma=2592000,h3-Q043=\":443\"; ma=2592000,quic=\":443\"; ma=2592000; v=\"46,43\"","accept-ranges":"none","transfer-encoding":"chunked"}
[debug] [2020-10-27T09:45:00.272Z] >>> HTTP REQUEST POST https://cloudresourcemanager.googleapis.com/v1/projects/letz-dance:testIamPermissions  
 {"permissions":["firebase.projects.get","firebasehosting.sites.update"]}
[debug] [2020-10-27T09:45:02.286Z] <<< HTTP RESPONSE 200 {"content-type":"application/json; charset=UTF-8","vary":"X-Origin, Referer, Origin,Accept-Encoding","date":"Tue, 27 Oct 2020 09:45:02 GMT","server":"ESF","cache-control":"private","x-xss-protection":"0","x-frame-options":"SAMEORIGIN","x-content-type-options":"nosniff","server-timing":"gfet4t7; dur=1303","alt-svc":"h3-Q050=\":443\"; ma=2592000,h3-29=\":443\"; ma=2592000,h3-T051=\":443\"; ma=2592000,h3-T050=\":443\"; ma=2592000,h3-Q046=\":443\"; ma=2592000,h3-Q043=\":443\"; ma=2592000,quic=\":443\"; ma=2592000; v=\"46,43\"","accept-ranges":"none","transfer-encoding":"chunked"}
[debug] [2020-10-27T09:45:02.290Z] >>> HTTP REQUEST GET https://firebase.googleapis.com/v1beta1/projects/letz-dance  
 
[debug] [2020-10-27T09:45:03.126Z] <<< HTTP RESPONSE 200 {"content-type":"application/json; charset=UTF-8","vary":"X-Origin, Referer, Origin,Accept-Encoding","date":"Tue, 27 Oct 2020 09:45:03 GMT","server":"ESF","cache-control":"private","x-xss-protection":"0","x-frame-options":"SAMEORIGIN","x-content-type-options":"nosniff","alt-svc":"h3-Q050=\":443\"; ma=2592000,h3-29=\":443\"; ma=2592000,h3-T051=\":443\"; ma=2592000,h3-T050=\":443\"; ma=2592000,h3-Q046=\":443\"; ma=2592000,h3-Q043=\":443\"; ma=2592000,quic=\":443\"; ma=2592000; v=\"46,43\"","accept-ranges":"none","transfer-encoding":"chunked"}
[info] 
[info] === Deploying to 'letz-dance'...
[info] 
[info] i  deploying hosting 
[debug] [2020-10-27T09:45:03.131Z] >>> HTTP REQUEST POST https://firebasehosting.googleapis.com/v1beta1/sites/letz-dance/versions  
 {"config":{},"labels":{"deployment-tool":"cli-firebase"}}
[debug] [2020-10-27T09:45:08.276Z] <<< HTTP RESPONSE 200 {"content-type":"application/json; charset=UTF-8","vary":"X-Origin, Referer, Origin,Accept-Encoding","date":"Tue, 27 Oct 2020 09:45:07 GMT","server":"ESF","cache-control":"private","x-xss-protection":"0","x-frame-options":"SAMEORIGIN","x-content-type-options":"nosniff","alt-svc":"h3-Q050=\":443\"; ma=2592000,h3-29=\":443\"; ma=2592000,h3-T051=\":443\"; ma=2592000,h3-T050=\":443\"; ma=2592000,h3-Q046=\":443\"; ma=2592000,h3-Q043=\":443\"; ma=2592000,quic=\":443\"; ma=2592000; v=\"46,43\"","accept-ranges":"none","transfer-encoding":"chunked"}
[info] i  hosting[letz-dance]: beginning deploy... 
[info] i  hosting[letz-dance]: found 41 files in build 
[debug] [2020-10-27T09:45:09.229Z] [hosting] hash cache [YnVpbGQ] stored for 41 files
[debug] [2020-10-27T09:45:09.229Z] [hosting][hash queue][FINAL] {"max":919,"min":36,"avg":67.60975609756098,"active":0,"complete":41,"success":41,"errored":0,"retried":0,"total":41,"elapsed":934}
[debug] [2020-10-27T09:45:09.230Z] >>> HTTP REQUEST POST https://firebasehosting.googleapis.com/v1beta1/sites/letz-dance/versions/97aa32e0c9d3ef0c:populateFiles  
 <request body omitted>
[debug] [2020-10-27T09:45:11.498Z] <<< HTTP RESPONSE 200 {"content-type":"application/json; charset=UTF-8","vary":"X-Origin, Referer, Origin,Accept-Encoding","date":"Tue, 27 Oct 2020 09:45:11 GMT","server":"ESF","cache-control":"private","x-xss-protection":"0","x-frame-options":"SAMEORIGIN","x-content-type-options":"nosniff","alt-svc":"h3-Q050=\":443\"; ma=2592000,h3-29=\":443\"; ma=2592000,h3-T051=\":443\"; ma=2592000,h3-T050=\":443\"; ma=2592000,h3-Q046=\":443\"; ma=2592000,h3-Q043=\":443\"; ma=2592000,quic=\":443\"; ma=2592000; v=\"46,43\"","accept-ranges":"none","transfer-encoding":"chunked"}
[debug] [2020-10-27T09:45:11.511Z] [hosting][populate queue][FINAL] {"max":2276,"min":2276,"avg":2276,"active":0,"complete":1,"success":1,"errored":0,"retried":0,"total":1,"elapsed":2287}
[debug] [2020-10-27T09:45:11.511Z] [hosting] uploads queued: 18
